1728077052641	geckodriver	INFO	Listening on 127.0.0.1:54615
1728077052926	mozrunner::runner	INFO	Running command: MOZ_CRASHREPORTER="1" MOZ_CRASHREPORTER_NO_REPORT="1" MOZ_CRASHREPORTER_SHUTDOWN="1" MOZ_NO_REMOTE="1" "/Use ... s" "localhost" "-foreground" "-no-remote" "-profile" "/var/folders/z6/wzps1rcs2jg5h3clfmgkq74r0000gn/T/rust_mozprofile0vWhkj"
console.warn: services.settings: Ignoring preference override of remote settings server
console.warn: services.settings: Allow by setting MOZ_REMOTE_SETTINGS_DEVTOOLS=1 in the environment
1728077066964	Marionette	INFO	Marionette enabled
console.error: "Warning: unrecognized command line flag" "-remote-allow-hosts"
1728077067928	Marionette	INFO	Listening on port 54924
WebDriver BiDi listening on ws://127.0.0.1:54616
Read port: 54924
2024-10-05 02:54:28.104 plugin-container[2464:88423] nil host used in call to allowsSpecificHTTPSCertificateForHost
2024-10-05 02:54:28.105 plugin-container[2464:88423] nil host used in call to allowsAnyHTTPSCertificateForHost:
2024-10-05 02:54:28.110 plugin-container[2464:88423] nil host used in call to allowsSpecificHTTPSCertificateForHost
2024-10-05 02:54:28.110 plugin-container[2464:88423] nil host used in call to allowsAnyHTTPSCertificateForHost:
2024-10-05 02:54:28.110 plugin-container[2464:88425] nil host used in call to allowsSpecificHTTPSCertificateForHost
2024-10-05 02:54:28.110 plugin-container[2464:88425] nil host used in call to allowsAnyHTTPSCertificateForHost:
1728077068407	RemoteAgent	WARN	TLS certificate errors will be ignored for this session
DevTools listening on ws://127.0.0.1:54616/devtools/browser/bdf7e124-ffef-48aa-b079-f53a5afdfb85
2024-10-04 21:24:31.060 plugin-container[2468:88620] nil host used in call to allowsSpecificHTTPSCertificateForHost
2024-10-04 21:24:31.061 plugin-container[2468:88620] nil host used in call to allowsAnyHTTPSCertificateForHost:
2024-10-04 21:24:31.068 plugin-container[2468:88620] nil host used in call to allowsSpecificHTTPSCertificateForHost
2024-10-04 21:24:31.068 plugin-container[2468:88620] nil host used in call to allowsAnyHTTPSCertificateForHost:
2024-10-04 21:24:31.068 plugin-container[2468:88634] nil host used in call to allowsSpecificHTTPSCertificateForHost
2024-10-04 21:24:31.068 plugin-container[2468:88634] nil host used in call to allowsAnyHTTPSCertificateForHost:
JavaScript error: resource://gre/modules/PrivateBrowsingUtils.sys.mjs, line 19: TypeError: aWindow is null
